<?xml version="1.0" encoding="UTF-8"?>
<testsuite name="com.emse.spring.faircorp.hello.ConsoleGreetingServiceTests" tests="1" skipped="0" failures="0" errors="0" timestamp="2018-11-21T10:29:26" hostname="lag-Predator-G3-571" time="0.001">
  <properties/>
  <testcase name="testGreeting" classname="com.emse.spring.faircorp.hello.ConsoleGreetingServiceTests" time="0.001"/>
  <system-out><![CDATA[Hello, Spring!
]]></system-out>
  <system-err><![CDATA[]]></system-err>
</testsuite>
