<?xml version="1.0" encoding="UTF-8"?>
<testsuite name="com.esme.spring.faircorp.FaircorpApplicationTests" tests="1" skipped="0" failures="0" errors="0" timestamp="2018-11-21T10:29:30" hostname="lag-Predator-G3-571" time="0.002">
  <properties/>
  <testcase name="contextLoads" classname="com.esme.spring.faircorp.FaircorpApplicationTests" time="0.002"/>
  <system-out><![CDATA[2018-11-21 11:29:28.431  INFO 8553 --- [    Test worker] .b.t.c.SpringBootTestContextBootstrapper : Neither @ContextConfiguration nor @ContextHierarchy found for test class [com.esme.spring.faircorp.FaircorpApplicationTests], using SpringBootContextLoader
2018-11-21 11:29:28.432  INFO 8553 --- [    Test worker] o.s.t.c.support.AbstractContextLoader    : Could not detect default resource locations for test class [com.esme.spring.faircorp.FaircorpApplicationTests]: no resource found for suffixes {-context.xml, Context.groovy}.
2018-11-21 11:29:28.432  INFO 8553 --- [    Test worker] t.c.s.AnnotationConfigContextLoaderUtils : Could not detect default configuration classes for test class [com.esme.spring.faircorp.FaircorpApplicationTests]: FaircorpApplicationTests does not declare any static, non-private, non-final, nested classes annotated with @Configuration.
2018-11-21 11:29:28.433  INFO 8553 --- [    Test worker] .b.t.c.SpringBootTestContextBootstrapper : Found @SpringBootConfiguration com.esme.spring.faircorp.FaircorpApplication for test class com.esme.spring.faircorp.FaircorpApplicationTests
2018-11-21 11:29:28.434  INFO 8553 --- [    Test worker] .b.t.c.SpringBootTestContextBootstrapper : Loaded default TestExecutionListener class names from location [META-INF/spring.factories]: [org.springframework.boot.test.autoconfigure.restdocs.RestDocsTestExecutionListener, org.springframework.boot.test.autoconfigure.web.client.MockRestServiceServerResetTestExecutionListener, org.springframework.boot.test.autoconfigure.web.servlet.MockMvcPrintOnlyOnFailureTestExecutionListener, org.springframework.boot.test.autoconfigure.web.servlet.WebDriverTestExecutionListener, org.springframework.boot.test.mock.mockito.MockitoTestExecutionListener, org.springframework.boot.test.mock.mockito.ResetMocksTestExecutionListener, org.springframework.test.context.web.ServletTestExecutionListener, org.springframework.test.context.support.DirtiesContextBeforeModesTestExecutionListener, org.springframework.test.context.support.DependencyInjectionTestExecutionListener, org.springframework.test.context.support.DirtiesContextTestExecutionListener, org.springframework.test.context.transaction.TransactionalTestExecutionListener, org.springframework.test.context.jdbc.SqlScriptsTestExecutionListener]
2018-11-21 11:29:28.435  INFO 8553 --- [    Test worker] .b.t.c.SpringBootTestContextBootstrapper : Using TestExecutionListeners: [org.springframework.test.context.web.ServletTestExecutionListener@17525c27, org.springframework.test.context.support.DirtiesContextBeforeModesTestExecutionListener@5eb50a19, org.springframework.boot.test.mock.mockito.MockitoTestExecutionListener@62ef45f9, org.springframework.boot.test.autoconfigure.SpringBootDependencyInjectionTestExecutionListener@5c4a29b7, org.springframework.test.context.support.DirtiesContextTestExecutionListener@597ce57d, org.springframework.test.context.transaction.TransactionalTestExecutionListener@2f6fc989, org.springframework.test.context.jdbc.SqlScriptsTestExecutionListener@37379110, org.springframework.boot.test.autoconfigure.restdocs.RestDocsTestExecutionListener@3abd01d0, org.springframework.boot.test.autoconfigure.web.client.MockRestServiceServerResetTestExecutionListener@4544cf7, org.springframework.boot.test.autoconfigure.web.servlet.MockMvcPrintOnlyOnFailureTestExecutionListener@55a6ee75, org.springframework.boot.test.autoconfigure.web.servlet.WebDriverTestExecutionListener@5e925ac0, org.springframework.boot.test.mock.mockito.ResetMocksTestExecutionListener@c736343]

  .   ____          _            __ _ _
 /\\ / ___'_ __ _ _(_)_ __  __ _ \ \ \ \
( ( )\___ | '_ | '_| | '_ \/ _` | \ \ \ \
 \\/  ___)| |_)| | | | | || (_| |  ) ) ) )
  '  |____| .__|_| |_|_| |_\__, | / / / /
 =========|_|==============|___/=/_/_/_/
 :: Spring Boot ::        (v2.0.5.RELEASE)

2018-11-21 11:29:28.455  INFO 8553 --- [    Test worker] c.e.s.faircorp.FaircorpApplicationTests  : Starting FaircorpApplicationTests on lag-Predator-G3-571 with PID 8553 (started by lag in /home/lag/Git/All/Gradle/faircorp)
2018-11-21 11:29:28.456  INFO 8553 --- [    Test worker] c.e.s.faircorp.FaircorpApplicationTests  : No active profile set, falling back to default profiles: default
2018-11-21 11:29:28.458  INFO 8553 --- [    Test worker] o.s.w.c.s.GenericWebApplicationContext   : Refreshing org.springframework.web.context.support.GenericWebApplicationContext@7694c4a: startup date [Wed Nov 21 11:29:28 CET 2018]; root of context hierarchy
2018-11-21 11:29:28.774  INFO 8553 --- [    Test worker] trationDelegate$BeanPostProcessorChecker : Bean 'org.springframework.transaction.annotation.ProxyTransactionManagementConfiguration' of type [org.springframework.transaction.annotation.ProxyTransactionManagementConfiguration$$EnhancerBySpringCGLIB$$60e91370] is not eligible for getting processed by all BeanPostProcessors (for example: not eligible for auto-proxying)
2018-11-21 11:29:28.830  INFO 8553 --- [    Test worker] com.zaxxer.hikari.HikariDataSource       : HikariPool-1 - Starting...
2018-11-21 11:29:28.840  INFO 8553 --- [    Test worker] com.zaxxer.hikari.HikariDataSource       : HikariPool-1 - Start completed.
2018-11-21 11:29:28.851  INFO 8553 --- [    Test worker] j.LocalContainerEntityManagerFactoryBean : Building JPA container EntityManagerFactory for persistence unit 'default'
2018-11-21 11:29:28.851  INFO 8553 --- [    Test worker] o.hibernate.jpa.internal.util.LogHelper  : HHH000204: Processing PersistenceUnitInfo [
	name: default
	...]
2018-11-21 11:29:28.855  INFO 8553 --- [    Test worker] org.hibernate.dialect.Dialect            : HHH000400: Using dialect: org.hibernate.dialect.H2Dialect
Hibernate: drop table building if exists
Hibernate: drop table light if exists
Hibernate: drop table room if exists
Hibernate: drop sequence if exists hibernate_sequence
Hibernate: create sequence hibernate_sequence start with 1 increment by 1
Hibernate: create table building (id bigint not null, name varchar(255) not null, primary key (id))
Hibernate: create table light (id bigint not null, level integer not null, status varchar(255) not null, room_id bigint not null, primary key (id))
Hibernate: create table room (id bigint not null, floor integer not null, name varchar(255) not null, building_id bigint not null, primary key (id))
Hibernate: alter table light add constraint FKmy95qioftpqncvkku5pkg9r6a foreign key (room_id) references room
Hibernate: alter table room add constraint FK4kmfw73x2vpfymk0ml875rh2q foreign key (building_id) references building
2018-11-21 11:29:28.897  INFO 8553 --- [    Test worker] o.h.t.schema.internal.SchemaCreatorImpl  : HHH000476: Executing import script 'org.hibernate.tool.schema.internal.exec.ScriptSourceInputNonExistentImpl@2e2930af'
2018-11-21 11:29:28.898  INFO 8553 --- [    Test worker] j.LocalContainerEntityManagerFactoryBean : Initialized JPA EntityManagerFactory for persistence unit 'default'
2018-11-21 11:29:29.159  INFO 8553 --- [    Test worker] o.s.w.s.handler.SimpleUrlHandlerMapping  : Mapped URL path [/**/favicon.ico] onto handler of type [class org.springframework.web.servlet.resource.ResourceHttpRequestHandler]
2018-11-21 11:29:29.750  INFO 8553 --- [    Test worker] s.w.s.m.m.a.RequestMappingHandlerAdapter : Looking for @ControllerAdvice: org.springframework.web.context.support.GenericWebApplicationContext@7694c4a: startup date [Wed Nov 21 11:29:28 CET 2018]; root of context hierarchy
2018-11-21 11:29:29.791  WARN 8553 --- [    Test worker] aWebConfiguration$JpaWebMvcConfiguration : spring.jpa.open-in-view is enabled by default. Therefore, database queries may be performed during view rendering. Explicitly configure spring.jpa.open-in-view to disable this warning
2018-11-21 11:29:29.823  INFO 8553 --- [    Test worker] s.w.s.m.m.a.RequestMappingHandlerMapping : Mapped "{[/api/hello/{name}],methods=[GET]}" onto public com.esme.spring.faircorp.hello.HelloController$MessageDto com.esme.spring.faircorp.hello.HelloController.welcome(java.lang.String)
2018-11-21 11:29:29.829  INFO 8553 --- [    Test worker] s.w.s.m.m.a.RequestMappingHandlerMapping : Mapped "{[/api/buildings/{id}],methods=[GET]}" onto public com.esme.spring.faircorp.model.BuildingDto com.esme.spring.faircorp.model.BuildingController.findById(java.lang.Long)
2018-11-21 11:29:29.830  INFO 8553 --- [    Test worker] s.w.s.m.m.a.RequestMappingHandlerMapping : Mapped "{[/api/buildings],methods=[GET]}" onto public java.util.List<com.esme.spring.faircorp.model.BuildingDto> com.esme.spring.faircorp.model.BuildingController.findAll()
2018-11-21 11:29:29.830  INFO 8553 --- [    Test worker] s.w.s.m.m.a.RequestMappingHandlerMapping : Mapped "{[/api/buildings/{id}/switchLight],methods=[PUT]}" onto public com.esme.spring.faircorp.model.BuildingDto com.esme.spring.faircorp.model.BuildingController.switchStatus(java.lang.Long)
2018-11-21 11:29:29.831  INFO 8553 --- [    Test worker] s.w.s.m.m.a.RequestMappingHandlerMapping : Mapped "{[/api/buildings/{id}],methods=[DELETE]}" onto public void com.esme.spring.faircorp.model.BuildingController.delete(java.lang.Long)
2018-11-21 11:29:29.831  INFO 8553 --- [    Test worker] s.w.s.m.m.a.RequestMappingHandlerMapping : Mapped "{[/api/buildings],methods=[POST]}" onto public com.esme.spring.faircorp.model.BuildingDto com.esme.spring.faircorp.model.BuildingController.create(com.esme.spring.faircorp.model.BuildingDto)
2018-11-21 11:29:29.833  INFO 8553 --- [    Test worker] s.w.s.m.m.a.RequestMappingHandlerMapping : Mapped "{[/api/lights/{id}],methods=[GET]}" onto public com.esme.spring.faircorp.model.LightDto com.esme.spring.faircorp.model.LightController.findById(java.lang.Long)
2018-11-21 11:29:29.833  INFO 8553 --- [    Test worker] s.w.s.m.m.a.RequestMappingHandlerMapping : Mapped "{[/api/lights],methods=[GET]}" onto public java.util.List<com.esme.spring.faircorp.model.LightDto> com.esme.spring.faircorp.model.LightController.findAll()
2018-11-21 11:29:29.834  INFO 8553 --- [    Test worker] s.w.s.m.m.a.RequestMappingHandlerMapping : Mapped "{[/api/lights/{id}/switch],methods=[PUT]}" onto public com.esme.spring.faircorp.model.LightDto com.esme.spring.faircorp.model.LightController.switchStatus(java.lang.Long)
2018-11-21 11:29:29.834  INFO 8553 --- [    Test worker] s.w.s.m.m.a.RequestMappingHandlerMapping : Mapped "{[/api/lights/{id}],methods=[DELETE]}" onto public void com.esme.spring.faircorp.model.LightController.delete(java.lang.Long)
2018-11-21 11:29:29.835  INFO 8553 --- [    Test worker] s.w.s.m.m.a.RequestMappingHandlerMapping : Mapped "{[/api/lights],methods=[POST]}" onto public com.esme.spring.faircorp.model.LightDto com.esme.spring.faircorp.model.LightController.create(com.esme.spring.faircorp.model.LightDto)
2018-11-21 11:29:29.838  INFO 8553 --- [    Test worker] s.w.s.m.m.a.RequestMappingHandlerMapping : Mapped "{[/api/rooms/{id}],methods=[GET]}" onto public com.esme.spring.faircorp.model.RoomDto com.esme.spring.faircorp.model.RoomController.findById(java.lang.Long)
2018-11-21 11:29:29.839  INFO 8553 --- [    Test worker] s.w.s.m.m.a.RequestMappingHandlerMapping : Mapped "{[/api/rooms],methods=[GET]}" onto public java.util.List<com.esme.spring.faircorp.model.RoomDto> com.esme.spring.faircorp.model.RoomController.findAll()
2018-11-21 11:29:29.839  INFO 8553 --- [    Test worker] s.w.s.m.m.a.RequestMappingHandlerMapping : Mapped "{[/api/rooms/{id}/switchLight],methods=[PUT]}" onto public com.esme.spring.faircorp.model.RoomDto com.esme.spring.faircorp.model.RoomController.switchStatus(java.lang.Long)
2018-11-21 11:29:29.840  INFO 8553 --- [    Test worker] s.w.s.m.m.a.RequestMappingHandlerMapping : Mapped "{[/api/rooms/{id}],methods=[DELETE]}" onto public void com.esme.spring.faircorp.model.RoomController.delete(java.lang.Long)
2018-11-21 11:29:29.840  INFO 8553 --- [    Test worker] s.w.s.m.m.a.RequestMappingHandlerMapping : Mapped "{[/api/rooms],methods=[POST]}" onto public com.esme.spring.faircorp.model.RoomDto com.esme.spring.faircorp.model.RoomController.create(com.esme.spring.faircorp.model.RoomDto)
2018-11-21 11:29:29.843  INFO 8553 --- [    Test worker] s.w.s.m.m.a.RequestMappingHandlerMapping : Mapped "{[/error],produces=[text/html]}" onto public org.springframework.web.servlet.ModelAndView org.springframework.boot.autoconfigure.web.servlet.error.BasicErrorController.errorHtml(javax.servlet.http.HttpServletRequest,javax.servlet.http.HttpServletResponse)
2018-11-21 11:29:29.843  INFO 8553 --- [    Test worker] s.w.s.m.m.a.RequestMappingHandlerMapping : Mapped "{[/error]}" onto public org.springframework.http.ResponseEntity<java.util.Map<java.lang.String, java.lang.Object>> org.springframework.boot.autoconfigure.web.servlet.error.BasicErrorController.error(javax.servlet.http.HttpServletRequest)
2018-11-21 11:29:29.863  INFO 8553 --- [    Test worker] o.s.w.s.handler.SimpleUrlHandlerMapping  : Mapped URL path [/webjars/**] onto handler of type [class org.springframework.web.servlet.resource.ResourceHttpRequestHandler]
2018-11-21 11:29:29.863  INFO 8553 --- [    Test worker] o.s.w.s.handler.SimpleUrlHandlerMapping  : Mapped URL path [/**] onto handler of type [class org.springframework.web.servlet.resource.ResourceHttpRequestHandler]
2018-11-21 11:29:29.899  INFO 8553 --- [    Test worker] o.s.b.a.w.s.WelcomePageHandlerMapping    : Adding welcome page: class path resource [static/index.html]
2018-11-21 11:29:29.995  INFO 8553 --- [    Test worker] c.e.s.faircorp.FaircorpApplicationTests  : Started FaircorpApplicationTests in 1.556 seconds (JVM running for 4.887)
[Ljava.lang.String;@66c38fb6
]]></system-out>
  <system-err><![CDATA[]]></system-err>
</testsuite>
